TrappeD Unity Game/Temp/gradleOut/build/outputs/logs/manifest-merger-release-report.txt
-- Merging decision tree log ---
manifest
ADDED from src\main\AndroidManifest.xml:2:1-37:12
INJECTED from src\main\AndroidManifest.xml:2:1-37:12
INJECTED from src\main\AndroidManifest.xml:2:1-37:12
INJECTED from src\main\AndroidManifest.xml:2:1-37:12
MERGED from [:androidx.arch.core.core-runtime-2.0.0:] AndroidManifest.xml:17:1-22:12
MERGED from [:androidx.asynclayoutinflater.asynclayoutinflater-1.0.0:] AndroidManifest.xml:17:1-22:12
MERGED from [:androidx.coordinatorlayout.coordinatorlayout-1.0.0:] AndroidManifest.xml:17:1-22:12
MERGED from [:androidx.core.core-1.0.0:] AndroidManifest.xml:17:1-24:12
MERGED from [:androidx.cursoradapter.cursoradapter-1.0.0:] AndroidManifest.xml:17:1-22:12
MERGED from [:androidx.customview.customview-1.0.0:] AndroidManifest.xml:17:1-22:12
MERGED from [:androidx.documentfile.documentfile-1.0.0:] AndroidManifest.xml:17:1-22:12
MERGED from [:androidx.drawerlayout.drawerlayout-1.0.0:] AndroidManifest.xml:17:1-22:12
MERGED from [:androidx.fragment.fragment-1.0.0:] AndroidManifest.xml:17:1-22:12
MERGED from [:androidx.interpolator.interpolator-1.0.0:] AndroidManifest.xml:17:1-22:12
MERGED from [:androidx.legacy.legacy-support-core-ui-1.0.0:] AndroidManifest.xml:17:1-22:12
MERGED from [:androidx.legacy.legacy-support-core-utils-1.0.0:] AndroidManifest.xml:17:1-22:12
MERGED from [:androidx.lifecycle.lifecycle-livedata-2.0.0:] AndroidManifest.xml:17:1-22:12
MERGED from [:androidx.lifecycle.lifecycle-livedata-core-2.0.0:] AndroidManifest.xml:17:1-22:12
MERGED from [:androidx.lifecycle.lifecycle-runtime-2.0.0:] AndroidManifest.xml:17:1-22:12
MERGED from [:androidx.lifecycle.lifecycle-viewmodel-2.0.0:] AndroidManifest.xml:17:1-22:12
MERGED from [:androidx.loader.loader-1.0.0:] AndroidManifest.xml:17:1-22:12
MERGED from [:androidx.localbroadcastmanager.localbroadcastmanager-1.0.0:] AndroidManifest.xml:17:1-22:12
MERGED from [:androidx.print.print-1.0.0:] AndroidManifest.xml:17:1-22:12
MERGED from [:androidx.slidingpanelayout.slidingpanelayout-1.0.0:] AndroidManifest.xml:17:1-22:12
MERGED from [:androidx.swiperefreshlayout.swiperefreshlayout-1.0.0:] AndroidManifest.xml:17:1-22:12
MERGED from [:androidx.versionedparcelable.versionedparcelable-1.0.0:] AndroidManifest.xml:17:1-25:12
MERGED from [:androidx.viewpager.viewpager-1.0.0:] AndroidManifest.xml:17:1-22:12
MERGED from [:com.google.android.gms.play-services-ads-identifier-17.0.0:] AndroidManifest.xml:17:1-24:12
MERGED from [:com.google.android.gms.play-services-base-17.1.0:] AndroidManifest.xml:17:1-29:12
MERGED from [:com.google.android.gms.play-services-basement-17.0.0:] AndroidManifest.xml:17:1-28:12
MERGED from [:com.google.android.gms.play-services-measurement-17.2.1:] AndroidManifest.xml:17:1-55:12
MERGED from [:com.google.android.gms.play-services-measurement-api-17.2.1:] AndroidManifest.xml:17:1-36:12
MERGED from [:com.google.android.gms.play-services-measurement-base-17.2.1:] AndroidManifest.xml:2:1-9:12
MERGED from [:com.google.android.gms.play-services-measurement-impl-17.2.1:] AndroidManifest.xml:17:1-40:12
MERGED from [:com.google.android.gms.play-services-measurement-sdk-17.2.1:] AndroidManifest.xml:17:1-25:12
MERGED from [:com.google.android.gms.play-services-measurement-sdk-api-17.2.1:] AndroidManifest.xml:17:1-27:12
MERGED from [:com.google.android.gms.play-services-stats-17.0.0:] AndroidManifest.xml:2:1-9:12
MERGED from [:com.google.android.gms.play-services-tasks-17.0.0:] AndroidManifest.xml:2:1-9:12
MERGED from [:com.google.firebase.firebase-analytics-17.2.1:] AndroidManifest.xml:2:1-9:12
MERGED from [:com.google.firebase.firebase-app-unity-6.8.1:] AndroidManifest.xml:3:1-8:12
MERGED from [:com.google.firebase.firebase-auth-19.1.0:] AndroidManifest.xml:17:1-42:12
MERGED from [:com.google.firebase.firebase-auth-interop-18.0.0:] AndroidManifest.xml:2:1-10:12
MERGED from [:com.google.firebase.firebase-auth-unity-6.8.1:] AndroidManifest.xml:3:1-8:12
MERGED from [:com.google.firebase.firebase-common-19.3.0:] AndroidManifest.xml:15:1-23:12
MERGED from [:com.google.firebase.firebase-components-16.0.0:] AndroidManifest.xml:15:1-23:12
MERGED from [:com.google.firebase.firebase-database-19.2.0:] AndroidManifest.xml:15:1-38:12
MERGED from [:com.google.firebase.firebase-database-collection-17.0.0:] AndroidManifest.xml:2:1-7:12
MERGED from [:com.google.firebase.firebase-database-unity-6.8.1:] AndroidManifest.xml:3:1-8:12
MERGED from [:com.google.firebase.firebase-functions-19.0.1:] AndroidManifest.xml:2:1-24:12
MERGED from [:com.google.firebase.firebase-functions-unity-6.8.1:] AndroidManifest.xml:3:1-8:12
MERGED from [:com.google.firebase.firebase-iid-19.0.0:] AndroidManifest.xml:17:1-47:12
MERGED from [:com.google.firebase.firebase-iid-interop-17.0.0:] AndroidManifest.xml:2:1-10:12
MERGED from [:com.google.firebase.firebase-measurement-connector-18.0.0:] AndroidManifest.xml:17:1-25:12
MERGED from [:FitmatDriver:] AndroidManifest.xml:2:1-25:12
MERGED from [:Firebase] AndroidManifest.xml:10:1-19:12
INJECTED from src\main\AndroidManifest.xml:2:1-37:12
INJECTED from src\main\AndroidManifest.xml:2:1-37:12
INJECTED from src\main\AndroidManifest.xml:2:1-37:12
	package
		ADDED from src\main\AndroidManifest.xml:2:70-97
		INJECTED from src\main\AndroidManifest.xml
		INJECTED from src\main\AndroidManifest.xml
	android:versionName
		ADDED from src\main\AndroidManifest.xml:2:145-170
		INJECTED from src\main\AndroidManifest.xml
		INJECTED from src\main\AndroidManifest.xml
	xmlns:tools
		ADDED from src\main\AndroidManifest.xml:2:98-144
	xmlns:android
		ADDED from src\main\AndroidManifest.xml:2:11-69
	android:versionCode
		ADDED from src\main\AndroidManifest.xml:2:171-194
		INJECTED from src\main\AndroidManifest.xml
		INJECTED from src\main\AndroidManifest.xml
	android:installLocation
		ADDED from src\main\AndroidManifest.xml:2:195-235
supports-screens
ADDED from src\main\AndroidManifest.xml:3:3-163
	android:largeScreens
		ADDED from src\main\AndroidManifest.xml:3:78-105
	android:smallScreens
		ADDED from src\main\AndroidManifest.xml:3:21-48
	android:normalScreens
		ADDED from src\main\AndroidManifest.xml:3:49-77
	android:xlargeScreens
		ADDED from src\main\AndroidManifest.xml:3:106-134
	android:anyDensity
		ADDED from src\main\AndroidManifest.xml:3:135-160
application
ADDED from src\main\AndroidManifest.xml:4:3-25:17
MERGED from [:androidx.core.core-1.0.0:] AndroidManifest.xml:22:5-89
MERGED from [:androidx.core.core-1.0.0:] AndroidManifest.xml:22:5-89
MERGED from [:androidx.versionedparcelable.versionedparcelable-1.0.0:] AndroidManifest.xml:22:5-23:19
MERGED from [:androidx.versionedparcelable.versionedparcelable-1.0.0:] AndroidManifest.xml:22:5-23:19
MERGED from [:com.google.android.gms.play-services-ads-identifier-17.0.0:] AndroidManifest.xml:22:5-20
MERGED from [:com.google.android.gms.play-services-ads-identifier-17.0.0:] AndroidManifest.xml:22:5-20
MERGED from [:com.google.android.gms.play-services-base-17.1.0:] AndroidManifest.xml:22:5-27:19
MERGED from [:com.google.android.gms.play-services-base-17.1.0:] AndroidManifest.xml:22:5-27:19
MERGED from [:com.google.android.gms.play-services-basement-17.0.0:] AndroidManifest.xml:22:5-26:19
MERGED from [:com.google.android.gms.play-services-basement-17.0.0:] AndroidManifest.xml:22:5-26:19
MERGED from [:com.google.android.gms.play-services-measurement-17.2.1:] AndroidManifest.xml:28:5-53:19
MERGED from [:com.google.android.gms.play-services-measurement-17.2.1:] AndroidManifest.xml:28:5-53:19
MERGED from [:com.google.android.gms.play-services-measurement-api-17.2.1:] AndroidManifest.xml:26:5-34:19
MERGED from [:com.google.android.gms.play-services-measurement-api-17.2.1:] AndroidManifest.xml:26:5-34:19
MERGED from [:com.google.android.gms.play-services-measurement-base-17.2.1:] AndroidManifest.xml:7:5-20
MERGED from [:com.google.android.gms.play-services-measurement-base-17.2.1:] AndroidManifest.xml:7:5-20
MERGED from [:com.google.android.gms.play-services-measurement-impl-17.2.1:] AndroidManifest.xml:28:5-38:19
MERGED from [:com.google.android.gms.play-services-measurement-impl-17.2.1:] AndroidManifest.xml:28:5-38:19
MERGED from [:com.google.android.gms.play-services-measurement-sdk-17.2.1:] AndroidManifest.xml:22:5-23:19
MERGED from [:com.google.android.gms.play-services-measurement-sdk-17.2.1:] AndroidManifest.xml:22:5-23:19
MERGED from [:com.google.android.gms.play-services-stats-17.0.0:] AndroidManifest.xml:7:5-20
MERGED from [:com.google.android.gms.play-services-stats-17.0.0:] AndroidManifest.xml:7:5-20
MERGED from [:com.google.android.gms.play-services-tasks-17.0.0:] AndroidManifest.xml:7:5-20
MERGED from [:com.google.android.gms.play-services-tasks-17.0.0:] AndroidManifest.xml:7:5-20
MERGED from [:com.google.firebase.firebase-analytics-17.2.1:] AndroidManifest.xml:7:5-20
MERGED from [:com.google.firebase.firebase-analytics-17.2.1:] AndroidManifest.xml:7:5-20
MERGED from [:com.google.firebase.firebase-auth-19.1.0:] AndroidManifest.xml:23:5-40:19
MERGED from [:com.google.firebase.firebase-auth-19.1.0:] AndroidManifest.xml:23:5-40:19
MERGED from [:com.google.firebase.firebase-auth-interop-18.0.0:] AndroidManifest.xml:7:5-8:19
MERGED from [:com.google.firebase.firebase-auth-interop-18.0.0:] AndroidManifest.xml:7:5-8:19
MERGED from [:com.google.firebase.firebase-common-19.3.0:] AndroidManifest.xml:19:3-22:17
MERGED from [:com.google.firebase.firebase-common-19.3.0:] AndroidManifest.xml:19:3-22:17
MERGED from [:com.google.firebase.firebase-database-19.2.0:] AndroidManifest.xml:28:5-36:19
MERGED from [:com.google.firebase.firebase-database-19.2.0:] AndroidManifest.xml:28:5-36:19
MERGED from [:com.google.firebase.firebase-functions-19.0.1:] AndroidManifest.xml:14:5-22:19
MERGED from [:com.google.firebase.firebase-functions-19.0.1:] AndroidManifest.xml:14:5-22:19
MERGED from [:com.google.firebase.firebase-iid-19.0.0:] AndroidManifest.xml:28:5-45:19
MERGED from [:com.google.firebase.firebase-iid-19.0.0:] AndroidManifest.xml:28:5-45:19
MERGED from [:com.google.firebase.firebase-iid-interop-17.0.0:] AndroidManifest.xml:7:5-8:19
MERGED from [:com.google.firebase.firebase-iid-interop-17.0.0:] AndroidManifest.xml:7:5-8:19
MERGED from [:com.google.firebase.firebase-measurement-connector-18.0.0:] AndroidManifest.xml:22:5-23:19
MERGED from [:com.google.firebase.firebase-measurement-connector-18.0.0:] AndroidManifest.xml:22:5-23:19
MERGED from [:FitmatDriver:] AndroidManifest.xml:17:5-23:19
MERGED from [:FitmatDriver:] AndroidManifest.xml:17:5-23:19
	android:appComponentFactory
		ADDED from [:androidx.core.core-1.0.0:] AndroidManifest.xml:22:18-86
	android:label
		ADDED from src\main\AndroidManifest.xml:4:58-90
	android:testOnly
		ADDED from src\main\AndroidManifest.xml:4:91-115
	android:icon
		ADDED from src\main\AndroidManifest.xml:4:138-169
	android:theme
		ADDED from src\main\AndroidManifest.xml:4:16-57
	android:isGame
		ADDED from src\main\AndroidManifest.xml:4:116-137
activity#com.yipli.trapped.MainActivity
ADDED from src\main\AndroidManifest.xml:5:5-7:16
	android:screenOrientation
		ADDED from src\main\AndroidManifest.xml:5:94-137
	android:label
		ADDED from src\main\AndroidManifest.xml:5:61-93
	android:launchMode
		ADDED from src\main\AndroidManifest.xml:5:138-169
	android:hardwareAccelerated
		ADDED from src\main\AndroidManifest.xml:5:352-387
	android:configChanges
		ADDED from src\main\AndroidManifest.xml:5:170-351
	android:name
		ADDED from src\main\AndroidManifest.xml:5:15-60
meta-data#unityplayer.UnityActivity
ADDED from src\main\AndroidManifest.xml:6:7-82
	android:value
		ADDED from src\main\AndroidManifest.xml:6:59-79
	android:name
		ADDED from src\main\AndroidManifest.xml:6:18-58
activity#com.unity3d.player.UnityPlayerActivity
ADDED from src\main\AndroidManifest.xml:8:5-20:16
	android:screenOrientation
		ADDED from src\main\AndroidManifest.xml:8:102-145
	android:label
		ADDED from src\main\AndroidManifest.xml:8:69-101
	android:launchMode
		ADDED from src\main\AndroidManifest.xml:8:146-177
	android:hardwareAccelerated
		ADDED from src\main\AndroidManifest.xml:8:360-395
	android:configChanges
		ADDED from src\main\AndroidManifest.xml:8:178-359
	android:name
		ADDED from src\main\AndroidManifest.xml:8:15-68
intent-filter#action:name:android.intent.action.MAIN+category:name:android.intent.category.LAUNCHER
ADDED from src\main\AndroidManifest.xml:9:7-12:23
action#android.intent.action.MAIN
ADDED from src\main\AndroidManifest.xml:10:9-61
	android:name
		ADDED from src\main\AndroidManifest.xml:10:17-58
category#android.intent.category.LAUNCHER
ADDED from src\main\AndroidManifest.xml:11:9-69
	android:name
		ADDED from src\main\AndroidManifest.xml:11:19-66
intent-filter#action:name:android.intent.action.SEND+action:name:android.intent.action.VIEW+category:name:android.intent.category.DEFAULT+data:mimeType:text/*
ADDED from src\main\AndroidManifest.xml:13:7-18:23
action#android.intent.action.SEND
ADDED from src\main\AndroidManifest.xml:14:9-61
	android:name
		ADDED from src\main\AndroidManifest.xml:14:17-58
action#android.intent.action.VIEW
ADDED from src\main\AndroidManifest.xml:15:9-61
	android:name
		ADDED from src\main\AndroidManifest.xml:15:17-58
category#android.intent.category.DEFAULT
ADDED from src\main\AndroidManifest.xml:16:9-68
	android:name
		ADDED from src\main\AndroidManifest.xml:16:19-65
data
ADDED from src\main\AndroidManifest.xml:17:9-43
	android:mimeType
		ADDED from src\main\AndroidManifest.xml:17:15-40
meta-data#android.notch_support
ADDED from src\main\AndroidManifest.xml:19:7-78
	android:value
		ADDED from src\main\AndroidManifest.xml:19:55-75
	android:name
		ADDED from src\main\AndroidManifest.xml:19:18-54
meta-data#unity.build-id
ADDED from src\main\AndroidManifest.xml:21:5-101
	android:value
		ADDED from src\main\AndroidManifest.xml:21:46-98
	android:name
		ADDED from src\main\AndroidManifest.xml:21:16-45
meta-data#unity.splash-mode
ADDED from src\main\AndroidManifest.xml:22:5-69
	android:value
		ADDED from src\main\AndroidManifest.xml:22:49-66
	android:name
		ADDED from src\main\AndroidManifest.xml:22:16-48
meta-data#unity.splash-enable
ADDED from src\main\AndroidManifest.xml:23:5-74
	android:value
		ADDED from src\main\AndroidManifest.xml:23:51-71
	android:name
		ADDED from src\main\AndroidManifest.xml:23:16-50
meta-data#notch.config
ADDED from src\main\AndroidManifest.xml:24:5-81
	android:value
		ADDED from src\main\AndroidManifest.xml:24:44-78
	android:name
		ADDED from src\main\AndroidManifest.xml:24:16-43
uses-sdk
ADDED from src\main\AndroidManifest.xml:26:3-72
INJECTED from src\main\AndroidManifest.xml:26:3-72
INJECTED from src\main\AndroidManifest.xml:26:3-72
MERGED from [:androidx.arch.core.core-runtime-2.0.0:] AndroidManifest.xml:20:5-44
MERGED from [:androidx.arch.core.core-runtime-2.0.0:] AndroidManifest.xml:20:5-44
MERGED from [:androidx.asynclayoutinflater.asynclayoutinflater-1.0.0:] AndroidManifest.xml:20:5-44
MERGED from [:androidx.asynclayoutinflater.asynclayoutinflater-1.0.0:] AndroidManifest.xml:20:5-44
MERGED from [:androidx.coordinatorlayout.coordinatorlayout-1.0.0:] AndroidManifest.xml:20:5-44
MERGED from [:androidx.coordinatorlayout.coordinatorlayout-1.0.0:] AndroidManifest.xml:20:5-44
MERGED from [:androidx.core.core-1.0.0:] AndroidManifest.xml:20:5-44
MERGED from [:androidx.core.core-1.0.0:] AndroidManifest.xml:20:5-44
MERGED from [:androidx.cursoradapter.cursoradapter-1.0.0:] AndroidManifest.xml:20:5-44
MERGED from [:androidx.cursoradapter.cursoradapter-1.0.0:] AndroidManifest.xml:20:5-44
MERGED from [:androidx.customview.customview-1.0.0:] AndroidManifest.xml:20:5-44
MERGED from [:androidx.customview.customview-1.0.0:] AndroidManifest.xml:20:5-44
MERGED from [:androidx.documentfile.documentfile-1.0.0:] AndroidManifest.xml:20:5-44
MERGED from [:androidx.documentfile.documentfile-1.0.0:] AndroidManifest.xml:20:5-44
MERGED from [:androidx.drawerlayout.drawerlayout-1.0.0:] AndroidManifest.xml:20:5-44
MERGED from [:androidx.drawerlayout.drawerlayout-1.0.0:] AndroidManifest.xml:20:5-44
MERGED from [:androidx.fragment.fragment-1.0.0:] AndroidManifest.xml:20:5-44
MERGED from [:androidx.fragment.fragment-1.0.0:] AndroidManifest.xml:20:5-44
MERGED from [:androidx.interpolator.interpolator-1.0.0:] AndroidManifest.xml:20:5-44
MERGED from [:androidx.interpolator.interpolator-1.0.0:] AndroidManifest.xml:20:5-44
MERGED from [:androidx.legacy.legacy-support-core-ui-1.0.0:] AndroidManifest.xml:20:5-44
MERGED from [:androidx.legacy.legacy-support-core-ui-1.0.0:] AndroidManifest.xml:20:5-44
MERGED from [:androidx.legacy.legacy-support-core-utils-1.0.0:] AndroidManifest.xml:20:5-44
MERGED from [:androidx.legacy.legacy-support-core-utils-1.0.0:] AndroidManifest.xml:20:5-44
MERGED from [:androidx.lifecycle.lifecycle-livedata-2.0.0:] AndroidManifest.xml:20:5-44
MERGED from [:androidx.lifecycle.lifecycle-livedata-2.0.0:] AndroidManifest.xml:20:5-44
MERGED from [:androidx.lifecycle.lifecycle-livedata-core-2.0.0:] AndroidManifest.xml:20:5-44
MERGED from [:androidx.lifecycle.lifecycle-livedata-core-2.0.0:] AndroidManifest.xml:20:5-44
MERGED from [:androidx.lifecycle.lifecycle-runtime-2.0.0:] AndroidManifest.xml:20:5-44
MERGED from [:androidx.lifecycle.lifecycle-runtime-2.0.0:] AndroidManifest.xml:20:5-44
MERGED from [:androidx.lifecycle.lifecycle-viewmodel-2.0.0:] AndroidManifest.xml:20:5-44
MERGED from [:androidx.lifecycle.lifecycle-viewmodel-2.0.0:] AndroidManifest.xml:20:5-44
MERGED from [:androidx.loader.loader-1.0.0:] AndroidManifest.xml:20:5-44
MERGED from [:androidx.loader.loader-1.0.0:] AndroidManifest.xml:20:5-44
MERGED from [:androidx.localbroadcastmanager.localbroadcastmanager-1.0.0:] AndroidManifest.xml:20:5-44
MERGED from [:androidx.localbroadcastmanager.localbroadcastmanager-1.0.0:] AndroidManifest.xml:20:5-44
MERGED from [:androidx.print.print-1.0.0:] AndroidManifest.xml:20:5-44
MERGED from [:androidx.print.print-1.0.0:] AndroidManifest.xml:20:5-44
MERGED from [:androidx.slidingpanelayout.slidingpanelayout-1.0.0:] AndroidManifest.xml:20:5-44
MERGED from [:androidx.slidingpanelayout.slidingpanelayout-1.0.0:] AndroidManifest.xml:20:5-44
MERGED from [:androidx.swiperefreshlayout.swiperefreshlayout-1.0.0:] AndroidManifest.xml:20:5-44
MERGED from [:androidx.swiperefreshlayout.swiperefreshlayout-1.0.0:] AndroidManifest.xml:20:5-44
MERGED from [:androidx.versionedparcelable.versionedparcelable-1.0.0:] AndroidManifest.xml:20:5-44
MERGED from [:androidx.versionedparcelable.versionedparcelable-1.0.0:] AndroidManifest.xml:20:5-44
MERGED from [:androidx.viewpager.viewpager-1.0.0:] AndroidManifest.xml:20:5-44
MERGED from [:androidx.viewpager.viewpager-1.0.0:] AndroidManifest.xml:20:5-44
MERGED from [:com.google.android.gms.play-services-ads-identifier-17.0.0:] AndroidManifest.xml:20:5-44
MERGED from [:com.google.android.gms.play-services-ads-identifier-17.0.0:] AndroidManifest.xml:20:5-44
MERGED from [:com.google.android.gms.play-services-base-17.1.0:] AndroidManifest.xml:20:5-44
MERGED from [:com.google.android.gms.play-services-base-17.1.0:] AndroidManifest.xml:20:5-44
MERGED from [:com.google.android.gms.play-services-basement-17.0.0:] AndroidManifest.xml:20:5-44
MERGED from [:com.google.android.gms.play-services-basement-17.0.0:] AndroidManifest.xml:20:5-44
MERGED from [:com.google.android.gms.play-services-measurement-17.2.1:] AndroidManifest.xml:20:5-44
MERGED from [:com.google.android.gms.play-services-measurement-17.2.1:] AndroidManifest.xml:20:5-44
MERGED from [:com.google.android.gms.play-services-measurement-api-17.2.1:] AndroidManifest.xml:20:5-44
MERGED from [:com.google.android.gms.play-services-measurement-api-17.2.1:] AndroidManifest.xml:20:5-44
MERGED from [:com.google.android.gms.play-services-measurement-base-17.2.1:] AndroidManifest.xml:5:5-44
MERGED from [:com.google.android.gms.play-services-measurement-base-17.2.1:] AndroidManifest.xml:5:5-44
MERGED from [:com.google.android.gms.play-services-measurement-impl-17.2.1:] AndroidManifest.xml:20:5-44
MERGED from [:com.google.android.gms.play-services-measurement-impl-17.2.1:] AndroidManifest.xml:20:5-44
MERGED from [:com.google.android.gms.play-services-measurement-sdk-17.2.1:] AndroidManifest.xml:20:5-44
MERGED from [:com.google.android.gms.play-services-measurement-sdk-17.2.1:] AndroidManifest.xml:20:5-44
MERGED from [:com.google.android.gms.play-services-measurement-sdk-api-17.2.1:] AndroidManifest.xml:20:5-44
MERGED from [:com.google.android.gms.play-services-measurement-sdk-api-17.2.1:] AndroidManifest.xml:20:5-44
MERGED from [:com.google.android.gms.play-services-stats-17.0.0:] AndroidManifest.xml:5:5-44
MERGED from [:com.google.android.gms.play-services-stats-17.0.0:] AndroidManifest.xml:5:5-44
MERGED from [:com.google.android.gms.play-services-tasks-17.0.0:] AndroidManifest.xml:5:5-44
MERGED from [:com.google.android.gms.play-services-tasks-17.0.0:] AndroidManifest.xml:5:5-44
MERGED from [:com.google.firebase.firebase-analytics-17.2.1:] AndroidManifest.xml:5:5-44
MERGED from [:com.google.firebase.firebase-analytics-17.2.1:] AndroidManifest.xml:5:5-44
MERGED from [:com.google.firebase.firebase-app-unity-6.8.1:] AndroidManifest.xml:7:3-41
MERGED from [:com.google.firebase.firebase-app-unity-6.8.1:] AndroidManifest.xml:7:3-41
MERGED from [:com.google.firebase.firebase-auth-19.1.0:] AndroidManifest.xml:21:5-44
MERGED from [:com.google.firebase.firebase-auth-19.1.0:] AndroidManifest.xml:21:5-44
MERGED from [:com.google.firebase.firebase-auth-interop-18.0.0:] AndroidManifest.xml:5:5-44
MERGED from [:com.google.firebase.firebase-auth-interop-18.0.0:] AndroidManifest.xml:5:5-44
MERGED from [:com.google.firebase.firebase-auth-unity-6.8.1:] AndroidManifest.xml:7:3-41
MERGED from [:com.google.firebase.firebase-auth-unity-6.8.1:] AndroidManifest.xml:7:3-41
MERGED from [:com.google.firebase.firebase-common-19.3.0:] AndroidManifest.xml:16:3-72
MERGED from [:com.google.firebase.firebase-common-19.3.0:] AndroidManifest.xml:16:3-72
MERGED from [:com.google.firebase.firebase-components-16.0.0:] AndroidManifest.xml:19:5-21:41
MERGED from [:com.google.firebase.firebase-components-16.0.0:] AndroidManifest.xml:19:5-21:41
MERGED from [:com.google.firebase.firebase-database-19.2.0:] AndroidManifest.xml:19:5-21:41
MERGED from [:com.google.firebase.firebase-database-19.2.0:] AndroidManifest.xml:19:5-21:41
MERGED from [:com.google.firebase.firebase-database-collection-17.0.0:] AndroidManifest.xml:5:5-44
MERGED from [:com.google.firebase.firebase-database-collection-17.0.0:] AndroidManifest.xml:5:5-44
MERGED from [:com.google.firebase.firebase-database-unity-6.8.1:] AndroidManifest.xml:7:3-41
MERGED from [:com.google.firebase.firebase-database-unity-6.8.1:] AndroidManifest.xml:7:3-41
MERGED from [:com.google.firebase.firebase-functions-19.0.1:] AndroidManifest.xml:7:5-9:41
MERGED from [:com.google.firebase.firebase-functions-19.0.1:] AndroidManifest.xml:7:5-9:41
MERGED from [:com.google.firebase.firebase-functions-unity-6.8.1:] AndroidManifest.xml:7:3-41
MERGED from [:com.google.firebase.firebase-functions-unity-6.8.1:] AndroidManifest.xml:7:3-41
MERGED from [:com.google.firebase.firebase-iid-19.0.0:] AndroidManifest.xml:20:5-44
MERGED from [:com.google.firebase.firebase-iid-19.0.0:] AndroidManifest.xml:20:5-44
MERGED from [:com.google.firebase.firebase-iid-interop-17.0.0:] AndroidManifest.xml:5:5-44
MERGED from [:com.google.firebase.firebase-iid-interop-17.0.0:] AndroidManifest.xml:5:5-44
MERGED from [:com.google.firebase.firebase-measurement-connector-18.0.0:] AndroidManifest.xml:20:5-44
MERGED from [:com.google.firebase.firebase-measurement-connector-18.0.0:] AndroidManifest.xml:20:5-44
MERGED from [:FitmatDriver:] AndroidManifest.xml:7:5-9:41
MERGED from [:FitmatDriver:] AndroidManifest.xml:7:5-9:41
MERGED from [:Firebase] AndroidManifest.xml:15:5-17:40
MERGED from [:Firebase] AndroidManifest.xml:15:5-17:40
INJECTED from src\main\AndroidManifest.xml:26:3-72
INJECTED from src\main\AndroidManifest.xml:26:3-72
	android:targetSdkVersion
		ADDED from src\main\AndroidManifest.xml:26:40-69
		INJECTED from src\main\AndroidManifest.xml
		INJECTED from src\main\AndroidManifest.xml
	android:minSdkVersion
		ADDED from src\main\AndroidManifest.xml:26:13-39
		INJECTED from src\main\AndroidManifest.xml
		INJECTED from src\main\AndroidManifest.xml
uses-feature#0x00020000
ADDED from src\main\AndroidManifest.xml:27:3-52
	android:glEsVersion
		ADDED from src\main\AndroidManifest.xml:27:17-49
uses-feature#android.hardware.vulkan
ADDED from src\main\AndroidManifest.xml:28:3-83
	android:required
		ADDED from src\main\AndroidManifest.xml:28:56-80
	android:name
		ADDED from src\main\AndroidManifest.xml:28:17-55
uses-feature#android.hardware.touchscreen
ADDED from src\main\AndroidManifest.xml:29:3-88
	android:required
		ADDED from src\main\AndroidManifest.xml:29:61-85
	android:name
		ADDED from src\main\AndroidManifest.xml:29:17-60
uses-feature#android.hardware.touchscreen.multitouch
ADDED from src\main\AndroidManifest.xml:30:3-99
	android:required
		ADDED from src\main\AndroidManifest.xml:30:72-96
	android:name
		ADDED from src\main\AndroidManifest.xml:30:17-71
uses-feature#android.hardware.touchscreen.multitouch.distinct
ADDED from src\main\AndroidManifest.xml:31:3-108
	android:required
		ADDED from src\main\AndroidManifest.xml:31:81-105
	android:name
		ADDED from src\main\AndroidManifest.xml:31:17-80
uses-permission#android.permission.BLUETOOTH_ADMIN
ADDED from src\main\AndroidManifest.xml:32:3-72
MERGED from [:FitmatDriver:] AndroidManifest.xml:11:5-74
MERGED from [:FitmatDriver:] AndroidManifest.xml:11:5-74
	android:name
		ADDED from src\main\AndroidManifest.xml:32:20-69
uses-permission#android.permission.BLUETOOTH
ADDED from src\main\AndroidManifest.xml:33:3-66
MERGED from [:FitmatDriver:] AndroidManifest.xml:12:5-68
MERGED from [:FitmatDriver:] AndroidManifest.xml:12:5-68
	android:name
		ADDED from src\main\AndroidManifest.xml:33:20-63
uses-permission#android.permission.INTERNET
ADDED from src\main\AndroidManifest.xml:34:3-65
MERGED from [:com.google.android.gms.play-services-measurement-17.2.1:] AndroidManifest.xml:23:5-67
MERGED from [:com.google.android.gms.play-services-measurement-17.2.1:] AndroidManifest.xml:23:5-67
MERGED from [:com.google.android.gms.play-services-measurement-api-17.2.1:] AndroidManifest.xml:22:5-67
MERGED from [:com.google.android.gms.play-services-measurement-api-17.2.1:] AndroidManifest.xml:22:5-67
MERGED from [:com.google.android.gms.play-services-measurement-impl-17.2.1:] AndroidManifest.xml:23:5-67
MERGED from [:com.google.android.gms.play-services-measurement-impl-17.2.1:] AndroidManifest.xml:23:5-67
MERGED from [:com.google.android.gms.play-services-measurement-sdk-api-17.2.1:] AndroidManifest.xml:23:5-67
MERGED from [:com.google.android.gms.play-services-measurement-sdk-api-17.2.1:] AndroidManifest.xml:23:5-67
MERGED from [:com.google.firebase.firebase-database-19.2.0:] AndroidManifest.xml:26:5-67
MERGED from [:com.google.firebase.firebase-database-19.2.0:] AndroidManifest.xml:26:5-67
MERGED from [:com.google.firebase.firebase-functions-19.0.1:] AndroidManifest.xml:12:5-67
MERGED from [:com.google.firebase.firebase-functions-19.0.1:] AndroidManifest.xml:12:5-67
MERGED from [:com.google.firebase.firebase-iid-19.0.0:] AndroidManifest.xml:23:5-67
MERGED from [:com.google.firebase.firebase-iid-19.0.0:] AndroidManifest.xml:23:5-67
	android:name
		ADDED from src\main\AndroidManifest.xml:34:20-62
uses-permission#android.permission.ACCESS_NETWORK_STATE
ADDED from src\main\AndroidManifest.xml:35:3-77
MERGED from [:com.google.android.gms.play-services-measurement-17.2.1:] AndroidManifest.xml:24:5-79
MERGED from [:com.google.android.gms.play-services-measurement-17.2.1:] AndroidManifest.xml:24:5-79
MERGED from [:com.google.android.gms.play-services-measurement-api-17.2.1:] AndroidManifest.xml:23:5-79
MERGED from [:com.google.android.gms.play-services-measurement-api-17.2.1:] AndroidManifest.xml:23:5-79
MERGED from [:com.google.android.gms.play-services-measurement-impl-17.2.1:] AndroidManifest.xml:24:5-79
MERGED from [:com.google.android.gms.play-services-measurement-impl-17.2.1:] AndroidManifest.xml:24:5-79
MERGED from [:com.google.android.gms.play-services-measurement-sdk-api-17.2.1:] AndroidManifest.xml:24:5-79
MERGED from [:com.google.android.gms.play-services-measurement-sdk-api-17.2.1:] AndroidManifest.xml:24:5-79
MERGED from [:com.google.firebase.firebase-database-19.2.0:] AndroidManifest.xml:25:5-79
MERGED from [:com.google.firebase.firebase-database-19.2.0:] AndroidManifest.xml:25:5-79
MERGED from [:com.google.firebase.firebase-iid-19.0.0:] AndroidManifest.xml:22:5-79
MERGED from [:com.google.firebase.firebase-iid-19.0.0:] AndroidManifest.xml:22:5-79
	android:name
		ADDED from src\main\AndroidManifest.xml:35:20-74
uses-feature#android.hardware.sensor.accelerometer
ADDED from src\main\AndroidManifest.xml:36:3-97
	android:required
		ADDED from src\main\AndroidManifest.xml:36:70-94
	android:name
		ADDED from src\main\AndroidManifest.xml:36:17-69
activity#com.google.android.gms.common.api.GoogleApiActivity
ADDED from [:com.google.android.gms.play-services-base-17.1.0:] AndroidManifest.xml:23:9-26:75
	android:exported
		ADDED from [:com.google.android.gms.play-services-base-17.1.0:] AndroidManifest.xml:25:13-37
	android:theme
		ADDED from [:com.google.android.gms.play-services-base-17.1.0:] AndroidManifest.xml:26:13-72
	android:name
		ADDED from [:com.google.android.gms.play-services-base-17.1.0:] AndroidManifest.xml:24:13-79
meta-data#com.google.android.gms.version
ADDED from [:com.google.android.gms.play-services-basement-17.0.0:] AndroidManifest.xml:23:9-25:69
	android:value
		ADDED from [:com.google.android.gms.play-services-basement-17.0.0:] AndroidManifest.xml:25:13-66
	android:name
		ADDED from [:com.google.android.gms.play-services-basement-17.0.0:] AndroidManifest.xml:24:13-58
uses-permission#android.permission.WAKE_LOCK
ADDED from [:com.google.android.gms.play-services-measurement-17.2.1:] AndroidManifest.xml:25:5-68